100.44
100.42
100.42
100.42
100.42
100.42
100.44
100.42
100.42
100.42
100.42
100.42
100.44
100.42
100.42
100.42
100.42
100.42
100.44
100.42
100.42
100.42
100.42
100.42
100.44
100.42
100.42
100.42
100.42
100.42
100.44
100.42
100.42
100.42
100.42
100.42
100.44
100.42
100.42
100.42
100.42
100.42
100.44
100.42
100.42
100.42
100.42
100.42
100.44
100.42
100.42
100.42
100.42
100.42
100.44
100.42
100.42
100.42
100.42
100.42
100.44
100.42
100.42
100.42
100.42
100.42
100.44
100.42
100.42
100.42
100.42
100.42
100.44
100.42
100.42
100.42
100.42
100.42
100.44
100.42
100.42
100.42
100.42
100.42
100.44
100.42
100.42
100.42
100.42
100.42
100.44
100.42
100.42
100.42
100.42
100.42
100.44
100.42
100.42
100.42
100.42
100.42
100.44
100.42
100.42
100.42
100.42
100.42
100.44
100.42
100.42
100.42
100.42
100.42
100.44
100.42
100.42
100.42
100.42
100.42
