114.70
114.67
114.67
114.70
114.67
114.67
114.70
114.67
114.67
114.70
114.67
114.67
114.70
114.67
114.67
114.70
114.67
114.67
114.70
114.67
114.67
114.70
114.67
114.67
114.70
114.67
114.67
114.70
114.67
114.67
114.70
114.67
114.67
114.70
114.67
114.67
114.70
114.67
114.67
114.70
114.67
114.67
114.70
114.67
114.67
114.70
114.67
114.67
114.70
114.67
114.67
114.70
114.67
114.67
114.70
114.67
114.67
114.70
114.67
114.67
114.70
114.67
114.67
114.70
114.67
114.67
114.70
114.67
114.67
114.70
114.67
114.67
114.70
114.67
114.67
114.70
114.67
114.67
114.70
114.67
114.67
114.70
114.67
114.67
114.70
114.67
114.67
114.70
114.67
114.67
114.70
114.67
114.67
114.70
114.67
114.67
114.70
114.67
114.67
114.70
114.67
114.67
114.70
114.67
114.67
114.70
114.67
114.67
114.70
114.67
114.67
114.70
114.67
114.67
114.70
114.67
114.67
114.70
114.67
114.67
