0.10
0.12
0.74
0.65
0.74
0.79
0.72
0.50
0.43
0.36
0.77
0.55
0.53
0.70
0.55
0.41
0.43
0.62
0.67
0.62
0.60
0.41
0.50
0.55
0.53
0.60
0.55
0.55
0.50
0.65
0.46
0.46
0.50
0.58
0.53
0.50
0.55
0.46
0.55
0.38
0.50
0.65
0.53
0.48
0.60
0.74
0.62
0.65
0.67
0.58
0.53
0.67
0.36
0.70
0.43
0.67
0.38
0.65
0.46
0.67
0.62
0.53
0.53
0.34
0.70
0.65
0.55
0.70
0.46
0.53
0.55
0.70
0.46
0.46
0.48
0.67
0.50
0.48
0.29
0.55
0.55
0.65
0.77
0.48
0.58
0.58
0.77
0.50
0.72
0.31
0.62
0.41
0.55
0.62
0.67
0.70
0.62
0.55
0.46
0.65
0.70
0.38
0.67
0.74
0.60
0.67
0.50
0.46
0.58
0.24
0.50
0.36
0.48
0.65
0.58
0.50
0.72
0.58
0.79
0.67
0.02
