0.10
0.12
0.12
0.12
0.12
0.12
0.12
0.12
2.88
2.90
3.19
2.95
3.22
2.74
3.10
2.86
2.98
2.86
3.17
3.46
3.50
3.02
3.12
3.14
2.69
3.17
3.12
2.76
3.24
3.12
2.86
3.12
3.14
2.86
3.22
2.86
3.17
3.10
3.05
3.12
3.19
3.60
2.95
2.69
3.17
2.95
2.81
2.93
2.74
3.14
3.22
2.69
3.05
3.10
2.95
2.76
2.90
2.83
2.95
3.07
3.02
3.14
3.24
2.86
2.98
3.34
3.17
3.36
2.71
2.54
3.05
3.07
3.14
2.69
3.41
3.43
3.29
2.38
2.62
3.31
2.86
2.83
2.88
2.98
3.26
3.14
3.17
2.38
3.17
3.12
3.12
2.98
3.05
2.83
3.55
3.34
2.76
3.12
3.22
3.10
2.88
2.78
2.98
2.62
2.93
3.07
3.31
2.76
2.90
3.12
3.43
2.45
2.66
2.86
2.62
2.78
2.86
3.14
3.10
2.88
0.02
