100.01
100.01
99.98
100.01
100.01
99.98
100.01
100.01
99.98
100.01
100.01
99.98
100.01
100.01
99.98
100.01
100.01
99.98
100.01
100.01
99.98
100.01
100.01
99.98
100.01
100.01
99.98
100.01
100.01
99.98
100.01
100.01
99.98
100.01
100.01
99.98
100.01
100.01
99.98
100.01
100.01
99.98
100.01
100.01
99.98
100.01
100.01
99.98
100.01
100.01
99.98
100.01
100.01
99.98
100.01
100.01
99.98
100.01
100.01
99.98
100.01
100.01
99.98
100.01
100.01
99.98
100.01
100.01
99.98
100.01
100.01
99.98
100.01
100.01
99.98
100.01
100.01
99.98
100.01
100.01
99.98
100.01
100.01
99.98
100.01
100.01
99.98
100.01
100.01
99.98
100.01
100.01
99.98
100.01
100.01
99.98
100.01
100.01
99.98
100.01
100.01
99.98
100.01
100.01
99.98
100.01
100.01
99.98
100.01
100.01
99.98
100.01
100.01
99.98
100.01
100.01
99.98
100.01
100.01
99.98
