10.01
10.01
9.98
10.01
10.01
9.98
10.01
10.01
9.98
10.01
10.01
9.98
10.01
10.01
9.98
10.01
10.01
9.98
10.01
10.01
9.98
10.01
10.01
9.98
10.01
10.01
9.98
10.01
10.01
9.98
10.01
10.01
9.98
10.01
10.01
9.98
10.01
10.01
9.98
10.01
10.01
9.98
10.01
10.01
9.98
10.01
10.01
9.98
10.01
10.01
9.98
10.01
10.01
9.98
10.01
10.01
9.98
10.01
10.01
9.98
10.01
10.01
9.98
10.01
10.01
9.98
10.01
10.01
9.98
10.01
10.01
9.98
10.01
10.01
9.98
10.01
10.01
9.98
10.01
10.01
9.98
10.01
10.01
9.98
10.01
10.01
9.98
10.01
10.01
9.98
10.01
10.01
9.98
10.01
10.01
9.98
10.01
10.01
9.98
10.01
10.01
9.98
10.01
10.01
9.98
10.01
10.01
9.98
10.01
10.01
9.98
10.01
10.01
9.98
10.01
10.01
9.98
10.01
10.01
9.98
