77.74
77.71
77.71
77.74
77.71
77.71
77.74
77.71
77.71
77.74
77.71
77.71
77.74
77.71
77.74
77.71
77.71
77.71
77.74
77.71
77.71
77.74
77.71
77.71
77.74
77.71
77.74
77.71
77.71
77.74
77.71
77.71
77.71
77.74
77.71
77.71
77.74
77.71
77.71
77.74
77.71
77.71
77.74
77.71
77.71
77.74
77.71
77.71
77.74
77.71
77.71
77.74
77.71
77.74
77.71
77.71
77.74
77.71
77.71
77.74
77.71
77.71
77.74
77.71
77.71
77.71
77.74
77.71
77.71
77.74
77.71
77.71
77.74
77.71
77.71
77.74
77.71
77.71
77.74
77.71
77.71
77.74
77.71
77.71
77.74
77.71
77.71
77.74
77.71
77.71
77.74
77.71
77.71
77.74
77.71
77.71
77.74
77.71
77.71
77.74
77.71
77.71
77.74
77.71
77.74
77.71
77.71
77.74
77.71
77.71
77.74
77.71
77.71
77.74
77.71
77.71
77.74
77.71
77.71
77.71
