50.02
49.99
49.99
50.02
49.99
49.99
50.02
49.99
49.99
50.02
49.99
49.99
50.02
49.99
49.99
50.02
49.99
49.99
50.02
49.99
49.99
50.02
49.99
49.99
50.02
49.99
49.99
50.02
49.99
49.99
50.02
49.99
49.99
50.02
49.99
49.99
50.02
49.99
49.99
50.02
49.99
49.99
50.02
49.99
49.99
50.02
49.99
49.99
50.02
49.99
49.99
50.02
49.99
49.99
50.02
49.99
49.99
50.02
49.99
49.99
50.02
49.99
49.99
50.02
49.99
49.99
50.02
49.99
49.99
50.02
49.99
49.99
50.02
49.99
49.99
50.02
49.99
49.99
50.02
49.99
49.99
50.02
49.99
49.99
50.02
49.99
49.99
50.02
49.99
49.99
50.02
49.99
49.99
50.02
49.99
49.99
50.02
49.99
49.99
50.02
49.99
49.99
50.02
49.99
49.99
50.02
49.99
49.99
50.02
49.99
49.99
50.02
49.99
49.99
50.02
49.99
49.99
50.02
49.99
49.99
