0.10
0.12
0.12
0.12
0.12
0.12
0.12
0.12
0.12
0.12
3.00
3.24
2.26
2.69
2.95
2.11
2.66
2.33
2.78
2.71
2.69
2.81
2.35
2.64
2.81
2.88
2.64
2.33
2.50
2.38
2.45
2.62
2.35
2.57
2.95
2.64
2.78
2.66
2.71
3.22
2.35
2.74
2.83
2.26
2.47
2.54
2.47
2.90
2.81
2.66
2.76
2.38
3.07
2.95
2.90
2.54
2.40
2.47
2.35
2.81
2.38
2.62
2.64
2.78
2.45
2.78
2.69
2.30
2.57
2.66
2.26
2.81
2.35
2.52
2.30
2.71
2.42
2.76
2.93
3.07
2.76
2.86
2.71
2.95
2.69
2.64
2.18
2.95
2.59
2.88
2.50
2.50
2.52
2.59
2.86
2.40
2.54
2.35
2.90
2.64
2.28
2.47
3.24
2.62
2.66
2.78
2.93
2.64
2.50
2.76
2.95
2.86
2.52
3.05
2.57
2.83
2.52
3.05
2.40
2.02
0.02
